[0.000000] (-) TimerEvent: {}
[0.000000] (my_package) JobQueued: {'identifier': 'my_package', 'dependencies': OrderedDict()}
[0.000000] (my_package) JobStarted: {'identifier': 'my_package'}
[0.110000] (-) TimerEvent: {}
[0.219000] (-) TimerEvent: {}
[0.329000] (-) TimerEvent: {}
[0.438000] (-) TimerEvent: {}
[0.547000] (-) TimerEvent: {}
[0.657000] (-) TimerEvent: {}
[0.766000] (-) TimerEvent: {}
[0.875000] (-) TimerEvent: {}
[0.985000] (-) TimerEvent: {}
[0.985000] (my_package) Command: {'cmd': ['c:\\python37\\python.exe', '-W', 'ignore:setup.py install is deprecated', '-W', 'ignore:easy_install command is deprecated', 'setup.py', 'egg_info', '--egg-base', '..\\..\\build\\my_package', 'build', '--build-base', 'C:\\Users\\SSAFY\\Desktop\\doyun\\Ưȭ\\S12P21A703\\sub1\\doyun\\catkin_ws\\build\\my_package\\build', 'install', '--record', 'C:\\Users\\SSAFY\\Desktop\\doyun\\Ưȭ\\S12P21A703\\sub1\\doyun\\catkin_ws\\build\\my_package\\install.log', '--install-scripts', '$base/lib/my_package', '--single-version-externally-managed', 'install_data'], 'cwd': 'C:\\Users\\SSAFY\\Desktop\\doyun\\Ưȭ\\S12P21A703\\sub1\\doyun\\catkin_ws\\src\\my_package', 'env': {'ALLUSERSPROFILE': 'C:\\ProgramData', 'AMENT_PREFIX_PATH': 'C:\\dev\\ros2-windows', 'APPDATA': 'C:\\Users\\SSAFY\\AppData\\Roaming', 'architectureName': 'x64Win64VS2017', 'ChocolateyInstall': 'C:\\ProgramData\\chocolatey', 'ChocolateyLastPathUpdate': '133857032878759529', 'CMAKE_PREFIX_PATH': 'C:\\dev\\ros2-windows', 'COLCON': '1', 'COLCON_PREFIX_PATH': 'C:\\Users\\SSAFY\\Desktop\\doyun\\Ưȭ\\S12P21A703\\sub1\\doyun\\catkin_ws\\install\\;C:\\dev\\ros2-windows\\', 'CommandPromptType': 'Native', 'CommonProgramFiles': 'C:\\Program Files\\Common Files', 'CommonProgramFiles(x86)': 'C:\\Program Files (x86)\\Common Files', 'CommonProgramW6432': 'C:\\Program Files\\Common Files', 'COMPUTERNAME': 'DESKTOP-4QCTMKG', 'ComSpec': 'C:\\WINDOWS\\system32\\cmd.exe', 'DevEnvDir': 'C:\\Program Files\\Microsoft Visual Studio\\2022\\Community\\Common7\\IDE\\', 'DriverData': 'C:\\Windows\\System32\\Drivers\\DriverData', 'ExtensionSdkDir': 'C:\\Program Files (x86)\\Microsoft SDKs\\Windows Kits\\10\\ExtensionSDKs', 'EXTERNAL_INCLUDE': 'C:\\Program Files\\Microsoft Visual Studio\\2022\\Community\\VC\\Tools\\MSVC\\14.42.34433\\include;C:\\Program Files\\Microsoft Visual Studio\\2022\\Community\\VC\\Tools\\MSVC\\14.42.34433\\ATLMFC\\include;C:\\Program Files\\Microsoft Visual Studio\\2022\\Community\\VC\\Auxiliary\\VS\\include;C:\\Program Files (x86)\\Windows Kits\\10\\include\\10.0.22621.0\\ucrt;C:\\Program Files (x86)\\Windows Kits\\10\\\\include\\10.0.22621.0\\\\um;C:\\Program Files (x86)\\Windows Kits\\10\\\\include\\10.0.22621.0\\\\shared;C:\\Program Files (x86)\\Windows Kits\\10\\\\include\\10.0.22621.0\\\\winrt;C:\\Program Files (x86)\\Windows Kits\\10\\\\include\\10.0.22621.0\\\\cppwinrt', 'Framework40Version': 'v4.0', 'FrameworkDir': 'C:\\Windows\\Microsoft.NET\\Framework64\\', 'FrameworkDir64': 'C:\\Windows\\Microsoft.NET\\Framework64\\', 'FrameworkVersion': 'v4.0.30319', 'FrameworkVersion64': 'v4.0.30319', 'HOMEDRIVE': 'C:', 'HOMEPATH': '\\Users\\SSAFY', 'hostVersion': '5.3.1', 'INCLUDE': 'C:\\Program Files\\Microsoft Visual Studio\\2022\\Community\\VC\\Tools\\MSVC\\14.42.34433\\include;C:\\Program Files\\Microsoft Visual Studio\\2022\\Community\\VC\\Tools\\MSVC\\14.42.34433\\ATLMFC\\include;C:\\Program Files\\Microsoft Visual Studio\\2022\\Community\\VC\\Auxiliary\\VS\\include;C:\\Program Files (x86)\\Windows Kits\\10\\include\\10.0.22621.0\\ucrt;C:\\Program Files (x86)\\Windows Kits\\10\\\\include\\10.0.22621.0\\\\um;C:\\Program Files (x86)\\Windows Kits\\10\\\\include\\10.0.22621.0\\\\shared;C:\\Program Files (x86)\\Windows Kits\\10\\\\include\\10.0.22621.0\\\\winrt;C:\\Program Files (x86)\\Windows Kits\\10\\\\include\\10.0.22621.0\\\\cppwinrt', 'installDir': 'C:\\Program Files\\rti_connext_dds-5.3.1\\resource\\scripts\\..\\..', 'LIB': 'C:\\Program Files\\Microsoft Visual Studio\\2022\\Community\\VC\\Tools\\MSVC\\14.42.34433\\ATLMFC\\lib\\x64;C:\\Program Files\\Microsoft Visual Studio\\2022\\Community\\VC\\Tools\\MSVC\\14.42.34433\\lib\\x64;C:\\Program Files (x86)\\Windows Kits\\10\\lib\\10.0.22621.0\\ucrt\\x64;C:\\Program Files (x86)\\Windows Kits\\10\\\\lib\\10.0.22621.0\\\\um\\x64', 'LIBPATH': 'C:\\Program Files\\Microsoft Visual Studio\\2022\\Community\\VC\\Tools\\MSVC\\14.42.34433\\ATLMFC\\lib\\x64;C:\\Program Files\\Microsoft Visual Studio\\2022\\Community\\VC\\Tools\\MSVC\\14.42.34433\\lib\\x64;C:\\Program Files\\Microsoft Visual Studio\\2022\\Community\\VC\\Tools\\MSVC\\14.42.34433\\lib\\x86\\store\\references;C:\\Program Files (x86)\\Windows Kits\\10\\UnionMetadata\\10.0.22621.0;C:\\Program Files (x86)\\Windows Kits\\10\\References\\10.0.22621.0;C:\\Windows\\Microsoft.NET\\Framework64\\v4.0.30319', 'LOCALAPPDATA': 'C:\\Users\\SSAFY\\AppData\\Local', 'LOGONSERVER': '\\\\DESKTOP-4QCTMKG', 'NDDSHOME': 'C:\\Program Files\\rti_connext_dds-5.3.1', 'NUMBER_OF_PROCESSORS': '12', 'OneDrive': 'C:\\Users\\SSAFY\\OneDrive', 'OpenCV_DIR': 'C:\\opencv', 'OS': 'Windows_NT', 'OSPL_ERRORFILE': '<stderr>', 'OSPL_HOME': 'C:\\dev\\opensplice\\HDE\\x86_64.win64\\', 'OSPL_INFOFILE': '<stdout>', 'OSPL_TMPL_PATH': 'C:\\dev\\opensplice\\HDE\\x86_64.win64\\\\etc\\idlpp', 'OSPL_URI': 'file:///share/opensplice_cmake_module/config/ros_ospl.xml', 'OSPL_VERBOSITY': '2', 'Path': 'c:\\python37\\lib\\site-packages\\pywin32_system32;C:\\dev\\ros2-windows\\opt\\yaml_cpp_vendor\\bin;C:\\dev\\ros2-windows\\opt\\rviz_ogre_vendor\\bin;C:\\dev\\ros2-windows\\opt\\rviz_assimp_vendor\\bin;C:\\dev\\opensplice\\HDE\\x86_64.win64\\\\bin;C:\\dev\\opensplice\\HDE\\x86_64.win64\\\\lib;C:\\dev\\opensplice\\HDE\\x86_64.win64\\\\examples\\lib;C:\\dev\\ros2-windows\\opt\\libcurl_vendor\\bin;C:\\Program Files\\rti_connext_dds-5.3.1\\bin;C:\\Program Files\\rti_connext_dds-5.3.1\\lib\\x64Win64VS2017;C:\\dev\\ros2-windows\\Scripts;C:\\dev\\ros2-windows\\bin;C:\\Program Files\\Microsoft Visual Studio\\2022\\Community\\VC\\Tools\\MSVC\\14.42.34433\\bin\\HostX64\\x64;C:\\Program Files\\Microsoft Visual Studio\\2022\\Community\\Common7\\IDE\\VC\\VCPackages;C:\\Program Files\\Microsoft Visual Studio\\2022\\Community\\Common7\\IDE\\CommonExtensions\\Microsoft\\TestWindow;C:\\Program Files\\Microsoft Visual Studio\\2022\\Community\\Common7\\IDE\\CommonExtensions\\Microsoft\\TeamFoundation\\Team Explorer;C:\\Program Files\\Microsoft Visual Studio\\2022\\Community\\MSBuild\\Current\\bin\\Roslyn;C:\\Program Files\\Microsoft Visual Studio\\2022\\Community\\Team Tools\\DiagnosticsHub\\Collector;C:\\Program Files (x86)\\Windows Kits\\10\\bin\\10.0.22621.0\\\\x64;C:\\Program Files (x86)\\Windows Kits\\10\\bin\\\\x64;C:\\Program Files\\Microsoft Visual Studio\\2022\\Community\\\\MSBuild\\Current\\Bin\\amd64;C:\\Windows\\Microsoft.NET\\Framework64\\v4.0.30319;C:\\Program Files\\Microsoft Visual Studio\\2022\\Community\\Common7\\IDE\\;C:\\Program Files\\Microsoft Visual Studio\\2022\\Community\\Common7\\Tools\\;C:\\Python37\\Scripts\\;C:\\Python37\\;C:\\WINDOWS\\system32;C:\\WINDOWS;C:\\WINDOWS\\System32\\Wbem;C:\\WINDOWS\\System32\\WindowsPowerShell\\v1.0\\;C:\\WINDOWS\\System32\\OpenSSH\\;C:\\Program Files (x86)\\NVIDIA Corporation\\PhysX\\Common;C:\\Program Files\\NVIDIA Corporation\\NVIDIA NvDLISR;C:\\Program Files (x86)\\Windows Kits\\10\\Windows Performance Toolkit\\;C:\\Program Files\\Git\\cmd;C:\\Program Files\\nodejs\\;C:\\ProgramData\\chocolatey\\bin;C:\\Open-SSL-Win64\\bin;C:\\Program Files\\CMake\\bin;;C:\\ProgramData\\chocolatey\\lib\\bullet\\lib;C:\\ProgramData\\chocolatey\\lib\\cunit\\lib;C:\\ProgramData\\chocolatey\\lib\\log4cxx\\lib;C:\\ProgramData\\chocolatey\\lib\\tinyxml2\\lib;C:\\Users\\SSAFY\\AppData\\Local\\Programs\\Python\\Launcher\\;C:\\Users\\SSAFY\\AppData\\Local\\Microsoft\\WindowsApps;C:\\Users\\SSAFY\\AppData\\Local\\Programs\\Microsoft VS Code\\bin;C:\\Users\\SSAFY\\AppData\\Roaming\\npm;C:\\Program Files\\Microsoft Visual Studio\\2022\\Community\\Common7\\IDE\\CommonExtensions\\Microsoft\\CMake\\CMake\\bin;C:\\Program Files\\Microsoft Visual Studio\\2022\\Community\\Common7\\IDE\\CommonExtensions\\Microsoft\\CMake\\Ninja;C:\\Program Files\\Microsoft Visual Studio\\2022\\Community\\Common7\\IDE\\VC\\Linux\\bin\\ConnectionManagerExe;C:\\Program Files\\Microsoft Visual Studio\\2022\\Community\\VC\\vcpkg', 'PATHEXT': '.COM;.EXE;.BAT;.CMD;.VBS;.VBE;.JS;.JSE;.WSF;.WSH;.MSC;.PY;.PYW', 'PKG_CONFIG_PATH': 'C:\\dev\\ros2-windows\\lib\\pkgconfig', 'Platform': 'x64', 'PROCESSOR_ARCHITECTURE': 'AMD64', 'PROCESSOR_IDENTIFIER': 'Intel64 Family 6 Model 141 Stepping 1, GenuineIntel', 'PROCESSOR_LEVEL': '6', 'PROCESSOR_REVISION': '8d01', 'ProgramData': 'C:\\ProgramData', 'ProgramFiles': 'C:\\Program Files', 'ProgramFiles(x86)': 'C:\\Program Files (x86)', 'ProgramW6432': 'C:\\Program Files', 'PROMPT': '$P$G', 'PSModulePath': 'C:\\Program Files\\WindowsPowerShell\\Modules;C:\\WINDOWS\\system32\\WindowsPowerShell\\v1.0\\Modules', 'PUBLIC': 'C:\\Users\\Public', 'PYTHONPATH': 'C:\\Users\\SSAFY\\Desktop\\doyun\\Ưȭ\\S12P21A703\\sub1\\doyun\\catkin_ws\\build\\my_package\\prefix_override;c:\\python37\\lib\\site-packages\\colcon_core\\task\\python\\colcon_distutils_commands;C:\\Users\\SSAFY\\Desktop\\doyun\\Ưȭ\\S12P21A703\\sub1\\doyun\\catkin_ws\\install\\my_package\\Lib\\site-packages;C:\\dev\\ros2-windows\\Lib\\site-packages', 'ROS_DISTRO': 'eloquent', 'ROS_DOMAIN_ID': '3', 'ROS_LOCALHOST_ONLY': '0', 'ROS_PYTHON_VERSION': '3', 'ROS_VERSION': '2', 'scriptDir': 'C:\\Program Files\\rti_connext_dds-5.3.1\\resource\\scripts\\', 'scriptName': 'rtisetenv_x64Win64VS2017', 'SPLICE_ORB': 'DDS_OpenFusion_1_6_1', 'SystemDrive': 'C:', 'SystemRoot': 'C:\\WINDOWS', 'TEMP': 'C:\\Users\\SSAFY\\AppData\\Local\\Temp', 'TMP': 'C:\\Users\\SSAFY\\AppData\\Local\\Temp', 'UCRTVersion': '10.0.22621.0', 'UniversalCRTSdkDir': 'C:\\Program Files (x86)\\Windows Kits\\10\\', 'USERDOMAIN': 'DESKTOP-4QCTMKG', 'USERDOMAIN_ROAMINGPROFILE': 'DESKTOP-4QCTMKG', 'USERNAME': 'SSAFY', 'USERPROFILE': 'C:\\Users\\SSAFY', 'VBOX_MSI_INSTALL_PATH': 'C:\\Program Files\\Oracle\\VirtualBox\\', 'VCIDEInstallDir': 'C:\\Program Files\\Microsoft Visual Studio\\2022\\Community\\Common7\\IDE\\VC\\', 'VCINSTALLDIR': 'C:\\Program Files\\Microsoft Visual Studio\\2022\\Community\\VC\\', 'VCPKG_ROOT': 'C:\\Program Files\\Microsoft Visual Studio\\2022\\Community\\VC\\vcpkg', 'VCToolsInstallDir': 'C:\\Program Files\\Microsoft Visual Studio\\2022\\Community\\VC\\Tools\\MSVC\\14.42.34433\\', 'VCToolsRedistDir': 'C:\\Program Files\\Microsoft Visual Studio\\2022\\Community\\VC\\Redist\\MSVC\\14.42.34433\\', 'VCToolsVersion': '14.42.34433', 'VisualStudioVersion': '17.0', 'VS170COMNTOOLS': 'C:\\Program Files\\Microsoft Visual Studio\\2022\\Community\\Common7\\Tools\\', 'VSCMD_ARG_app_plat': 'Desktop', 'VSCMD_ARG_HOST_ARCH': 'x64', 'VSCMD_ARG_TGT_ARCH': 'x64', 'VSCMD_VER': '17.12.3', 'VSINSTALLDIR': 'C:\\Program Files\\Microsoft Visual Studio\\2022\\Community\\', 'windir': 'C:\\WINDOWS', 'WindowsLibPath': 'C:\\Program Files (x86)\\Windows Kits\\10\\UnionMetadata\\10.0.22621.0;C:\\Program Files (x86)\\Windows Kits\\10\\References\\10.0.22621.0', 'WindowsSdkBinPath': 'C:\\Program Files (x86)\\Windows Kits\\10\\bin\\', 'WindowsSdkDir': 'C:\\Program Files (x86)\\Windows Kits\\10\\', 'WindowsSDKLibVersion': '10.0.22621.0\\', 'WindowsSdkVerBinPath': 'C:\\Program Files (x86)\\Windows Kits\\10\\bin\\10.0.22621.0\\', 'WindowsSDKVersion': '10.0.22621.0\\', 'ZES_ENABLE_SYSMAN': '1', '__DOTNET_ADD_64BIT': '1', '__DOTNET_PREFERRED_BITNESS': '64', '__VSCMD_PREINIT_PATH': 'C:\\Python37\\Scripts\\;C:\\Python37\\;C:\\WINDOWS\\system32;C:\\WINDOWS;C:\\WINDOWS\\System32\\Wbem;C:\\WINDOWS\\System32\\WindowsPowerShell\\v1.0\\;C:\\WINDOWS\\System32\\OpenSSH\\;C:\\Program Files (x86)\\NVIDIA Corporation\\PhysX\\Common;C:\\Program Files\\NVIDIA Corporation\\NVIDIA NvDLISR;C:\\Program Files (x86)\\Windows Kits\\10\\Windows Performance Toolkit\\;C:\\Program Files\\Git\\cmd;C:\\Program Files\\nodejs\\;C:\\ProgramData\\chocolatey\\bin;C:\\Open-SSL-Win64\\bin;C:\\Program Files\\CMake\\bin;;C:\\ProgramData\\chocolatey\\lib\\bullet\\lib;C:\\ProgramData\\chocolatey\\lib\\cunit\\lib;C:\\ProgramData\\chocolatey\\lib\\log4cxx\\lib;C:\\ProgramData\\chocolatey\\lib\\tinyxml2\\lib;C:\\Users\\SSAFY\\AppData\\Local\\Programs\\Python\\Launcher\\;C:\\Users\\SSAFY\\AppData\\Local\\Microsoft\\WindowsApps;C:\\Users\\SSAFY\\AppData\\Local\\Programs\\Microsoft VS Code\\bin;C:\\Users\\SSAFY\\AppData\\Roaming\\npm'}, 'shell': False}
[1.094000] (-) TimerEvent: {}
[1.219000] (-) TimerEvent: {}
[1.329000] (-) TimerEvent: {}
[1.329000] (my_package) StdoutLine: {'line': b'running egg_info\r\n'}
[1.344000] (my_package) StdoutLine: {'line': b'writing ..\\..\\build\\my_package\\my_package.egg-info\\PKG-INFO\r\n'}
[1.360000] (my_package) StdoutLine: {'line': b'writing dependency_links to ..\\..\\build\\my_package\\my_package.egg-info\\dependency_links.txt\r\n'}
[1.360000] (my_package) StdoutLine: {'line': b'writing entry points to ..\\..\\build\\my_package\\my_package.egg-info\\entry_points.txt\r\n'}
[1.360000] (my_package) StdoutLine: {'line': b'writing requirements to ..\\..\\build\\my_package\\my_package.egg-info\\requires.txt\r\n'}
[1.360000] (my_package) StdoutLine: {'line': b'writing top-level names to ..\\..\\build\\my_package\\my_package.egg-info\\top_level.txt\r\n'}
[1.391000] (my_package) StdoutLine: {'line': b"reading manifest file '..\\..\\build\\my_package\\my_package.egg-info\\SOURCES.txt'\r\n"}
[1.391000] (my_package) StdoutLine: {'line': b"writing manifest file '..\\..\\build\\my_package\\my_package.egg-info\\SOURCES.txt'\r\n"}
[1.391000] (my_package) StdoutLine: {'line': b'running build\r\n'}
[1.407000] (my_package) StdoutLine: {'line': b'running build_py\r\n'}
[1.407000] (my_package) StdoutLine: {'line': b'running install\r\n'}
[1.407000] (my_package) StdoutLine: {'line': b'running install_lib\r\n'}
[1.407000] (my_package) StdoutLine: {'line': b'running install_data\r\n'}
[1.407000] (my_package) StdoutLine: {'line': b'running install_egg_info\r\n'}
[1.438000] (-) TimerEvent: {}
[1.438000] (my_package) StdoutLine: {'line': b'running install_scripts\r\n'}
[1.547000] (-) TimerEvent: {}
[1.625000] (my_package) StderrLine: {'line': b'c:\\python37\\lib\\site-packages\\setuptools\\dist.py:745: SetuptoolsDeprecationWarning: Invalid dash-separated options\r\n'}
[1.625000] (my_package) StderrLine: {'line': b'!!\r\n'}
[1.625000] (my_package) StderrLine: {'line': b'\r\n'}
[1.625000] (my_package) StderrLine: {'line': b'        ********************************************************************************\r\n'}
[1.625000] (my_package) StderrLine: {'line': b"        Usage of dash-separated 'script-dir' will not be supported in future\r\n"}
[1.625000] (my_package) StderrLine: {'line': b"        versions. Please use the underscore name 'script_dir' instead.\r\n"}
[1.625000] (my_package) StderrLine: {'line': b'\r\n'}
[1.625000] (my_package) StderrLine: {'line': b'        This deprecation is overdue, please update your project and remove deprecated\r\n'}
[1.625000] (my_package) StderrLine: {'line': b'        calls to avoid build errors in the future.\r\n'}
[1.625000] (my_package) StderrLine: {'line': b'\r\n'}
[1.625000] (my_package) StderrLine: {'line': b'        See https://setuptools.pypa.io/en/latest/userguide/declarative_config.html for details.\r\n'}
[1.625000] (my_package) StderrLine: {'line': b'        ********************************************************************************\r\n'}
[1.625000] (my_package) StderrLine: {'line': b'\r\n'}
[1.625000] (my_package) StderrLine: {'line': b'!!\r\n'}
[1.625000] (my_package) StderrLine: {'line': b'  opt = self.warn_dash_deprecation(opt, section)\r\n'}
[1.625000] (my_package) StderrLine: {'line': b'--- Logging error ---\r\n'}
[1.625000] (my_package) StderrLine: {'line': b'Traceback (most recent call last):\r\n'}
[1.625000] (my_package) StderrLine: {'line': b'  File "c:\\python37\\lib\\logging\\__init__.py", line 1028, in emit\r\n'}
[1.625000] (my_package) StderrLine: {'line': b'    stream.write(msg + self.terminator)\r\n'}
[1.625000] (my_package) StderrLine: {'line': b"UnicodeEncodeError: 'cp949' codec can't encode character '\\u01af' in position 39: illegal multibyte sequence\r\n"}
[1.625000] (my_package) StderrLine: {'line': b'Call stack:\r\n'}
[1.625000] (my_package) StderrLine: {'line': b'  File "setup.py", line 23, in <module>\r\n'}
[1.625000] (my_package) StderrLine: {'line': b"    'my_node = my_package.my_node:main'\r\n"}
[1.625000] (my_package) StderrLine: {'line': b'  File "c:\\python37\\lib\\site-packages\\setuptools\\__init__.py", line 107, in setup\r\n'}
[1.625000] (my_package) StderrLine: {'line': b'    return distutils.core.setup(**attrs)\r\n'}
[1.625000] (my_package) StderrLine: {'line': b'  File "c:\\python37\\lib\\site-packages\\setuptools\\_distutils\\core.py", line 185, in setup\r\n'}
[1.625000] (my_package) StderrLine: {'line': b'    return run_commands(dist)\r\n'}
[1.625000] (my_package) StderrLine: {'line': b'  File "c:\\python37\\lib\\site-packages\\setuptools\\_distutils\\core.py", line 201, in run_commands\r\n'}
[1.625000] (my_package) StderrLine: {'line': b'    dist.run_commands()\r\n'}
[1.625000] (my_package) StderrLine: {'line': b'  File "c:\\python37\\lib\\site-packages\\setuptools\\_distutils\\dist.py", line 969, in run_commands\r\n'}
[1.625000] (my_package) StderrLine: {'line': b'    self.run_command(cmd)\r\n'}
[1.625000] (my_package) StderrLine: {'line': b'  File "c:\\python37\\lib\\site-packages\\setuptools\\dist.py", line 1234, in run_command\r\n'}
[1.625000] (my_package) StderrLine: {'line': b'    super().run_command(command)\r\n'}
[1.625000] (my_package) StderrLine: {'line': b'  File "c:\\python37\\lib\\site-packages\\setuptools\\_distutils\\dist.py", line 988, in run_command\r\n'}
[1.625000] (my_package) StderrLine: {'line': b'    cmd_obj.run()\r\n'}
[1.625000] (my_package) StderrLine: {'line': b'  File "c:\\python37\\lib\\site-packages\\setuptools\\command\\install.py", line 74, in run\r\n'}
[1.625000] (my_package) StderrLine: {'line': b'    return orig.install.run(self)\r\n'}
[1.625000] (my_package) StderrLine: {'line': b'  File "c:\\python37\\lib\\site-packages\\setuptools\\_distutils\\command\\install.py", line 708, in run\r\n'}
[1.625000] (my_package) StderrLine: {'line': b'    self.run_command(cmd_name)\r\n'}
[1.625000] (my_package) StderrLine: {'line': b'  File "c:\\python37\\lib\\site-packages\\setuptools\\_distutils\\cmd.py", line 318, in run_command\r\n'}
[1.625000] (my_package) StderrLine: {'line': b'    self.distribution.run_command(command)\r\n'}
[1.625000] (my_package) StderrLine: {'line': b'  File "c:\\python37\\lib\\site-packages\\setuptools\\dist.py", line 1234, in run_command\r\n'}
[1.625000] (my_package) StderrLine: {'line': b'    super().run_command(command)\r\n'}
[1.625000] (my_package) StderrLine: {'line': b'  File "c:\\python37\\lib\\site-packages\\setuptools\\_distutils\\dist.py", line 988, in run_command\r\n'}
[1.625000] (my_package) StderrLine: {'line': b'    cmd_obj.run()\r\n'}
[1.625000] (my_package) StderrLine: {'line': b'  File "c:\\python37\\lib\\site-packages\\setuptools\\command\\install_egg_info.py", line 34, in run\r\n'}
[1.625000] (my_package) StderrLine: {'line': b'    dir_util.remove_tree(self.target, dry_run=self.dry_run)\r\n'}
[1.625000] (my_package) StderrLine: {'line': b'  File "c:\\python37\\lib\\site-packages\\setuptools\\_distutils\\dir_util.py", line 219, in remove_tree\r\n'}
[1.625000] (my_package) StderrLine: {'line': b'    log.info("removing \'%s\' (and everything under it)", directory)\r\n'}
[1.625000] (my_package) StderrLine: {'line': b'Message: "removing \'%s\' (and everything under it)"\r\n'}
[1.625000] (my_package) StderrLine: {'line': b"Arguments: ('C:\\\\Users\\\\SSAFY\\\\Desktop\\\\doyun\\\\\\u01af\\u022d\\\\S12P21A703\\\\sub1\\\\doyun\\\\catkin_ws\\\\install\\\\my_package\\\\Lib\\\\site-packages\\\\my_package-0.0.0-py3.7.egg-info',)\r\n"}
[1.625000] (my_package) StderrLine: {'line': b'--- Logging error ---\r\n'}
[1.625000] (my_package) StderrLine: {'line': b'Traceback (most recent call last):\r\n'}
[1.625000] (my_package) StderrLine: {'line': b'  File "c:\\python37\\lib\\logging\\__init__.py", line 1028, in emit\r\n'}
[1.625000] (my_package) StderrLine: {'line': b'    stream.write(msg + self.terminator)\r\n'}
[1.625000] (my_package) StderrLine: {'line': b"UnicodeEncodeError: 'cp949' codec can't encode character '\\u01af' in position 83: illegal multibyte sequence\r\n"}
[1.625000] (my_package) StderrLine: {'line': b'Call stack:\r\n'}
[1.625000] (my_package) StderrLine: {'line': b'  File "setup.py", line 23, in <module>\r\n'}
[1.625000] (my_package) StderrLine: {'line': b"    'my_node = my_package.my_node:main'\r\n"}
[1.625000] (my_package) StderrLine: {'line': b'  File "c:\\python37\\lib\\site-packages\\setuptools\\__init__.py", line 107, in setup\r\n'}
[1.625000] (my_package) StderrLine: {'line': b'    return distutils.core.setup(**attrs)\r\n'}
[1.625000] (my_package) StderrLine: {'line': b'  File "c:\\python37\\lib\\site-packages\\setuptools\\_distutils\\core.py", line 185, in setup\r\n'}
[1.625000] (my_package) StderrLine: {'line': b'    return run_commands(dist)\r\n'}
[1.625000] (my_package) StderrLine: {'line': b'  File "c:\\python37\\lib\\site-packages\\setuptools\\_distutils\\core.py", line 201, in run_commands\r\n'}
[1.625000] (my_package) StderrLine: {'line': b'    dist.run_commands()\r\n'}
[1.625000] (my_package) StderrLine: {'line': b'  File "c:\\python37\\lib\\site-packages\\setuptools\\_distutils\\dist.py", line 969, in run_commands\r\n'}
[1.625000] (my_package) StderrLine: {'line': b'    self.run_command(cmd)\r\n'}
[1.625000] (my_package) StderrLine: {'line': b'  File "c:\\python37\\lib\\site-packages\\setuptools\\dist.py", line 1234, in run_command\r\n'}
[1.625000] (my_package) StderrLine: {'line': b'    super().run_command(command)\r\n'}
[1.625000] (my_package) StderrLine: {'line': b'  File "c:\\python37\\lib\\site-packages\\setuptools\\_distutils\\dist.py", line 988, in run_command\r\n'}
[1.625000] (my_package) StderrLine: {'line': b'    cmd_obj.run()\r\n'}
[1.625000] (my_package) StderrLine: {'line': b'  File "c:\\python37\\lib\\site-packages\\setuptools\\command\\install.py", line 74, in run\r\n'}
[1.625000] (my_package) StderrLine: {'line': b'    return orig.install.run(self)\r\n'}
[1.625000] (my_package) StderrLine: {'line': b'  File "c:\\python37\\lib\\site-packages\\setuptools\\_distutils\\command\\install.py", line 708, in run\r\n'}
[1.625000] (my_package) StderrLine: {'line': b'    self.run_command(cmd_name)\r\n'}
[1.625000] (my_package) StderrLine: {'line': b'  File "c:\\python37\\lib\\site-packages\\setuptools\\_distutils\\cmd.py", line 318, in run_command\r\n'}
[1.625000] (my_package) StderrLine: {'line': b'    self.distribution.run_command(command)\r\n'}
[1.625000] (my_package) StderrLine: {'line': b'  File "c:\\python37\\lib\\site-packages\\setuptools\\dist.py", line 1234, in run_command\r\n'}
[1.625000] (my_package) StderrLine: {'line': b'    super().run_command(command)\r\n'}
[1.625000] (my_package) StderrLine: {'line': b'  File "c:\\python37\\lib\\site-packages\\setuptools\\_distutils\\dist.py", line 988, in run_command\r\n'}
[1.625000] (my_package) StderrLine: {'line': b'    cmd_obj.run()\r\n'}
[1.625000] (my_package) StderrLine: {'line': b'  File "c:\\python37\\lib\\site-packages\\setuptools\\command\\install_egg_info.py", line 40, in run\r\n'}
[1.625000] (my_package) StderrLine: {'line': b'    self.copytree, (), "Copying %s to %s" % (self.source, self.target)\r\n'}
[1.625000] (my_package) StderrLine: {'line': b'  File "c:\\python37\\lib\\site-packages\\setuptools\\_distutils\\cmd.py", line 339, in execute\r\n'}
[1.625000] (my_package) StderrLine: {'line': b'    util.execute(func, args, msg, dry_run=self.dry_run)\r\n'}
[1.625000] (my_package) StderrLine: {'line': b'  File "c:\\python37\\lib\\site-packages\\setuptools\\_distutils\\util.py", line 335, in execute\r\n'}
[1.625000] (my_package) StderrLine: {'line': b'    log.info(msg)\r\n'}
[1.641000] (my_package) StderrLine: {'line': b"Message: 'Copying ..\\\\..\\\\build\\\\my_package\\\\my_package.egg-info to C:\\\\Users\\\\SSAFY\\\\Desktop\\\\doyun\\\\\\u01af\\u022d\\\\S12P21A703\\\\sub1\\\\doyun\\\\catkin_ws\\\\install\\\\my_package\\\\Lib\\\\site-packages\\\\my_package-0.0.0-py3.7.egg-info'\r\n"}
[1.641000] (my_package) StderrLine: {'line': b'Arguments: ()\r\n'}
[1.641000] (my_package) StderrLine: {'line': b'--- Logging error ---\r\n'}
[1.641000] (my_package) StderrLine: {'line': b'Traceback (most recent call last):\r\n'}
[1.641000] (my_package) StderrLine: {'line': b'  File "c:\\python37\\lib\\logging\\__init__.py", line 1028, in emit\r\n'}
[1.641000] (my_package) StderrLine: {'line': b'    stream.write(msg + self.terminator)\r\n'}
[1.641000] (my_package) StderrLine: {'line': b"UnicodeEncodeError: 'cp949' codec can't encode character '\\u01af' in position 68: illegal multibyte sequence\r\n"}
[1.641000] (my_package) StderrLine: {'line': b'Call stack:\r\n'}
[1.641000] (my_package) StderrLine: {'line': b'  File "setup.py", line 23, in <module>\r\n'}
[1.641000] (my_package) StderrLine: {'line': b"    'my_node = my_package.my_node:main'\r\n"}
[1.641000] (my_package) StderrLine: {'line': b'  File "c:\\python37\\lib\\site-packages\\setuptools\\__init__.py", line 107, in setup\r\n'}
[1.641000] (my_package) StderrLine: {'line': b'    return distutils.core.setup(**attrs)\r\n'}
[1.641000] (my_package) StderrLine: {'line': b'  File "c:\\python37\\lib\\site-packages\\setuptools\\_distutils\\core.py", line 185, in setup\r\n'}
[1.641000] (my_package) StderrLine: {'line': b'    return run_commands(dist)\r\n'}
[1.641000] (my_package) StderrLine: {'line': b'  File "c:\\python37\\lib\\site-packages\\setuptools\\_distutils\\core.py", line 201, in run_commands\r\n'}
[1.641000] (my_package) StderrLine: {'line': b'    dist.run_commands()\r\n'}
[1.641000] (my_package) StderrLine: {'line': b'  File "c:\\python37\\lib\\site-packages\\setuptools\\_distutils\\dist.py", line 969, in run_commands\r\n'}
[1.641000] (my_package) StderrLine: {'line': b'    self.run_command(cmd)\r\n'}
[1.641000] (my_package) StderrLine: {'line': b'  File "c:\\python37\\lib\\site-packages\\setuptools\\dist.py", line 1234, in run_command\r\n'}
[1.641000] (my_package) StderrLine: {'line': b'    super().run_command(command)\r\n'}
[1.641000] (my_package) StderrLine: {'line': b'  File "c:\\python37\\lib\\site-packages\\setuptools\\_distutils\\dist.py", line 988, in run_command\r\n'}
[1.641000] (my_package) StderrLine: {'line': b'    cmd_obj.run()\r\n'}
[1.641000] (my_package) StderrLine: {'line': b'  File "c:\\python37\\lib\\site-packages\\setuptools\\command\\install.py", line 74, in run\r\n'}
[1.641000] (my_package) StderrLine: {'line': b'    return orig.install.run(self)\r\n'}
[1.641000] (my_package) StderrLine: {'line': b'  File "c:\\python37\\lib\\site-packages\\setuptools\\_distutils\\command\\install.py", line 708, in run\r\n'}
[1.641000] (my_package) StderrLine: {'line': b'    self.run_command(cmd_name)\r\n'}
[1.641000] (my_package) StderrLine: {'line': b'  File "c:\\python37\\lib\\site-packages\\setuptools\\_distutils\\cmd.py", line 318, in run_command\r\n'}
[1.641000] (my_package) StderrLine: {'line': b'    self.distribution.run_command(command)\r\n'}
[1.641000] (my_package) StderrLine: {'line': b'  File "c:\\python37\\lib\\site-packages\\setuptools\\dist.py", line 1234, in run_command\r\n'}
[1.641000] (my_package) StderrLine: {'line': b'    super().run_command(command)\r\n'}
[1.641000] (my_package) StderrLine: {'line': b'  File "c:\\python37\\lib\\site-packages\\setuptools\\_distutils\\dist.py", line 988, in run_command\r\n'}
[1.641000] (my_package) StderrLine: {'line': b'    cmd_obj.run()\r\n'}
[1.641000] (my_package) StderrLine: {'line': b'  File "c:\\python37\\lib\\site-packages\\setuptools\\command\\install_scripts.py", line 26, in run\r\n'}
[1.641000] (my_package) StderrLine: {'line': b'    self._install_ep_scripts()\r\n'}
[1.641000] (my_package) StderrLine: {'line': b'  File "c:\\python37\\lib\\site-packages\\setuptools\\command\\install_scripts.py", line 57, in _install_ep_scripts\r\n'}
[1.641000] (my_package) StderrLine: {'line': b'    self.write_script(*args)\r\n'}
[1.641000] (my_package) StderrLine: {'line': b'  File "c:\\python37\\lib\\site-packages\\setuptools\\command\\install_scripts.py", line 63, in write_script\r\n'}
[1.641000] (my_package) StderrLine: {'line': b'    log.info("Installing %s script to %s", script_name, self.install_dir)\r\n'}
[1.641000] (my_package) StderrLine: {'line': b"Message: 'Installing %s script to %s'\r\n"}
[1.641000] (my_package) StderrLine: {'line': b"Arguments: ('my_node-script.py', 'C:\\\\Users\\\\SSAFY\\\\Desktop\\\\doyun\\\\\\u01af\\u022d\\\\S12P21A703\\\\sub1\\\\doyun\\\\catkin_ws\\\\install\\\\my_package\\\\lib\\\\my_package')\r\n"}
[1.641000] (my_package) StderrLine: {'line': b'--- Logging error ---\r\n'}
[1.641000] (my_package) StderrLine: {'line': b'Traceback (most recent call last):\r\n'}
[1.641000] (my_package) StderrLine: {'line': b'  File "c:\\python37\\lib\\logging\\__init__.py", line 1028, in emit\r\n'}
[1.641000] (my_package) StderrLine: {'line': b'    stream.write(msg + self.terminator)\r\n'}
[1.641000] (my_package) StderrLine: {'line': b"UnicodeEncodeError: 'cp949' codec can't encode character '\\u01af' in position 62: illegal multibyte sequence\r\n"}
[1.641000] (my_package) StderrLine: {'line': b'Call stack:\r\n'}
[1.641000] (my_package) StderrLine: {'line': b'  File "setup.py", line 23, in <module>\r\n'}
[1.641000] (my_package) StderrLine: {'line': b"    'my_node = my_package.my_node:main'\r\n"}
[1.641000] (my_package) StderrLine: {'line': b'  File "c:\\python37\\lib\\site-packages\\setuptools\\__init__.py", line 107, in setup\r\n'}
[1.641000] (my_package) StderrLine: {'line': b'    return distutils.core.setup(**attrs)\r\n'}
[1.641000] (my_package) StdoutLine: {'line': b"writing list of installed files to 'C:\\Users\\SSAFY\\Desktop\\doyun\\\xc6\xaf\xc8\xad\\S12P21A703\\sub1\\doyun\\catkin_ws\\build\\my_package\\install.log'\r\n"}
[1.641000] (my_package) StderrLine: {'line': b'  File "c:\\python37\\lib\\site-packages\\setuptools\\_distutils\\core.py", line 185, in setup\r\n'}
[1.641000] (my_package) StderrLine: {'line': b'    return run_commands(dist)\r\n'}
[1.641000] (my_package) StderrLine: {'line': b'  File "c:\\python37\\lib\\site-packages\\setuptools\\_distutils\\core.py", line 201, in run_commands\r\n'}
[1.641000] (my_package) StderrLine: {'line': b'    dist.run_commands()\r\n'}
[1.641000] (my_package) StderrLine: {'line': b'  File "c:\\python37\\lib\\site-packages\\setuptools\\_distutils\\dist.py", line 969, in run_commands\r\n'}
[1.641000] (my_package) StderrLine: {'line': b'    self.run_command(cmd)\r\n'}
[1.641000] (my_package) StderrLine: {'line': b'  File "c:\\python37\\lib\\site-packages\\setuptools\\dist.py", line 1234, in run_command\r\n'}
[1.641000] (my_package) StderrLine: {'line': b'    super().run_command(command)\r\n'}
[1.641000] (my_package) StderrLine: {'line': b'  File "c:\\python37\\lib\\site-packages\\setuptools\\_distutils\\dist.py", line 988, in run_command\r\n'}
[1.641000] (my_package) StderrLine: {'line': b'    cmd_obj.run()\r\n'}
[1.641000] (my_package) StderrLine: {'line': b'  File "c:\\python37\\lib\\site-packages\\setuptools\\command\\install.py", line 74, in run\r\n'}
[1.641000] (my_package) StderrLine: {'line': b'    return orig.install.run(self)\r\n'}
[1.641000] (my_package) StderrLine: {'line': b'  File "c:\\python37\\lib\\site-packages\\setuptools\\_distutils\\command\\install.py", line 708, in run\r\n'}
[1.641000] (my_package) StderrLine: {'line': b'    self.run_command(cmd_name)\r\n'}
[1.641000] (my_package) StderrLine: {'line': b'  File "c:\\python37\\lib\\site-packages\\setuptools\\_distutils\\cmd.py", line 318, in run_command\r\n'}
[1.641000] (my_package) StderrLine: {'line': b'    self.distribution.run_command(command)\r\n'}
[1.641000] (my_package) StderrLine: {'line': b'  File "c:\\python37\\lib\\site-packages\\setuptools\\dist.py", line 1234, in run_command\r\n'}
[1.641000] (my_package) StderrLine: {'line': b'    super().run_command(command)\r\n'}
[1.641000] (my_package) StderrLine: {'line': b'  File "c:\\python37\\lib\\site-packages\\setuptools\\_distutils\\dist.py", line 988, in run_command\r\n'}
[1.641000] (my_package) StderrLine: {'line': b'    cmd_obj.run()\r\n'}
[1.641000] (my_package) StderrLine: {'line': b'  File "c:\\python37\\lib\\site-packages\\setuptools\\command\\install_scripts.py", line 26, in run\r\n'}
[1.641000] (my_package) StderrLine: {'line': b'    self._install_ep_scripts()\r\n'}
[1.641000] (my_package) StderrLine: {'line': b'  File "c:\\python37\\lib\\site-packages\\setuptools\\command\\install_scripts.py", line 57, in _install_ep_scripts\r\n'}
[1.641000] (my_package) StderrLine: {'line': b'    self.write_script(*args)\r\n'}
[1.641000] (my_package) StderrLine: {'line': b'  File "c:\\python37\\lib\\site-packages\\setuptools\\command\\install_scripts.py", line 63, in write_script\r\n'}
[1.641000] (my_package) StderrLine: {'line': b'    log.info("Installing %s script to %s", script_name, self.install_dir)\r\n'}
[1.641000] (my_package) StderrLine: {'line': b"Message: 'Installing %s script to %s'\r\n"}
[1.641000] (my_package) StderrLine: {'line': b"Arguments: ('my_node.exe', 'C:\\\\Users\\\\SSAFY\\\\Desktop\\\\doyun\\\\\\u01af\\u022d\\\\S12P21A703\\\\sub1\\\\doyun\\\\catkin_ws\\\\install\\\\my_package\\\\lib\\\\my_package')\r\n"}
[1.641000] (my_package) StderrLine: {'line': b'Traceback (most recent call last):\r\n'}
[1.641000] (my_package) StderrLine: {'line': b'  File "setup.py", line 23, in <module>\r\n'}
[1.641000] (my_package) StderrLine: {'line': b"    'my_node = my_package.my_node:main'\r\n"}
[1.641000] (my_package) StderrLine: {'line': b'  File "c:\\python37\\lib\\site-packages\\setuptools\\__init__.py", line 107, in setup\r\n'}
[1.641000] (my_package) StderrLine: {'line': b'    return distutils.core.setup(**attrs)\r\n'}
[1.641000] (my_package) StderrLine: {'line': b'  File "c:\\python37\\lib\\site-packages\\setuptools\\_distutils\\core.py", line 185, in setup\r\n'}
[1.641000] (my_package) StderrLine: {'line': b'    return run_commands(dist)\r\n'}
[1.641000] (my_package) StderrLine: {'line': b'  File "c:\\python37\\lib\\site-packages\\setuptools\\_distutils\\core.py", line 201, in run_commands\r\n'}
[1.641000] (my_package) StderrLine: {'line': b'    dist.run_commands()\r\n'}
[1.641000] (my_package) StderrLine: {'line': b'  File "c:\\python37\\lib\\site-packages\\setuptools\\_distutils\\dist.py", line 969, in run_commands\r\n'}
[1.641000] (my_package) StderrLine: {'line': b'    self.run_command(cmd)\r\n'}
[1.641000] (my_package) StderrLine: {'line': b'  File "c:\\python37\\lib\\site-packages\\setuptools\\dist.py", line 1234, in run_command\r\n'}
[1.641000] (my_package) StderrLine: {'line': b'    super().run_command(command)\r\n'}
[1.641000] (my_package) StderrLine: {'line': b'  File "c:\\python37\\lib\\site-packages\\setuptools\\_distutils\\dist.py", line 988, in run_command\r\n'}
[1.641000] (my_package) StderrLine: {'line': b'    cmd_obj.run()\r\n'}
[1.641000] (my_package) StderrLine: {'line': b'  File "c:\\python37\\lib\\site-packages\\setuptools\\command\\install.py", line 74, in run\r\n'}
[1.641000] (my_package) StderrLine: {'line': b'    return orig.install.run(self)\r\n'}
[1.641000] (my_package) StderrLine: {'line': b'  File "c:\\python37\\lib\\site-packages\\setuptools\\_distutils\\command\\install.py", line 723, in run\r\n'}
[1.641000] (my_package) StderrLine: {'line': b'    "writing list of installed files to \'%s\'" % self.record,\r\n'}
[1.657000] (-) TimerEvent: {}
[1.657000] (my_package) StderrLine: {'line': b'  File "c:\\python37\\lib\\site-packages\\setuptools\\_distutils\\cmd.py", line 339, in execute\r\n'}
[1.657000] (my_package) StderrLine: {'line': b'    util.execute(func, args, msg, dry_run=self.dry_run)\r\n'}
[1.657000] (my_package) StderrLine: {'line': b'  File "c:\\python37\\lib\\site-packages\\setuptools\\_distutils\\util.py", line 337, in execute\r\n'}
[1.657000] (my_package) StderrLine: {'line': b'    func(*args)\r\n'}
[1.657000] (my_package) StderrLine: {'line': b'  File "c:\\python37\\lib\\site-packages\\setuptools\\_distutils\\file_util.py", line 246, in write_file\r\n'}
[1.657000] (my_package) StderrLine: {'line': b'    f.write(line + "\\n")\r\n'}
[1.657000] (my_package) StderrLine: {'line': b"UnicodeEncodeError: 'cp949' codec can't encode character '\\u01af' in position 29: illegal multibyte sequence\r\n"}
[1.657000] (my_package) CommandEnded: {'returncode': 1}
[1.657000] (my_package) JobEnded: {'identifier': 'my_package', 'rc': 1}
[1.657000] (-) EventReactorShutdown: {}
