[0.985s] Invoking command in 'C:\Users\SSAFY\Desktop\doyun\Ưȭ\S12P21A703\sub1\doyun\catkin_ws\src\my_package': PYTHONPATH=C:\Users\SSAFY\Desktop\doyun\Ưȭ\S12P21A703\sub1\doyun\catkin_ws\build\my_package\prefix_override;c:\python37\lib\site-packages\colcon_core\task\python\colcon_distutils_commands;C:\Users\SSAFY\Desktop\doyun\Ưȭ\S12P21A703\sub1\doyun\catkin_ws\install\my_package\Lib\site-packages;%PYTHONPATH% c:\python37\python.exe -W ignore:setup.py install is deprecated -W ignore:easy_install command is deprecated setup.py egg_info --egg-base ..\..\build\my_package build --build-base C:\Users\SSAFY\Desktop\doyun\Ưȭ\S12P21A703\sub1\doyun\catkin_ws\build\my_package\build install --record C:\Users\SSAFY\Desktop\doyun\Ưȭ\S12P21A703\sub1\doyun\catkin_ws\build\my_package\install.log --install-scripts $base/lib/my_package --single-version-externally-managed install_data
[1.297s] running egg_info
[1.313s] writing ..\..\build\my_package\my_package.egg-info\PKG-INFO
[1.313s] writing dependency_links to ..\..\build\my_package\my_package.egg-info\dependency_links.txt
[1.313s] writing entry points to ..\..\build\my_package\my_package.egg-info\entry_points.txt
[1.313s] writing requirements to ..\..\build\my_package\my_package.egg-info\requires.txt
[1.313s] writing top-level names to ..\..\build\my_package\my_package.egg-info\top_level.txt
[1.360s] reading manifest file '..\..\build\my_package\my_package.egg-info\SOURCES.txt'
[1.360s] writing manifest file '..\..\build\my_package\my_package.egg-info\SOURCES.txt'
[1.360s] running build
[1.360s] running build_py
[1.360s] running install
[1.360s] running install_lib
[1.375s] running install_data
[1.375s] running install_egg_info
[1.406s] running install_scripts
[1.578s] c:\python37\lib\site-packages\setuptools\dist.py:745: SetuptoolsDeprecationWarning: Invalid dash-separated options
[1.578s] !!
[1.578s] 
[1.578s]         ********************************************************************************
[1.578s]         Usage of dash-separated 'script-dir' will not be supported in future
[1.578s]         versions. Please use the underscore name 'script_dir' instead.
[1.578s] 
[1.578s]         This deprecation is overdue, please update your project and remove deprecated
[1.578s]         calls to avoid build errors in the future.
[1.578s] 
[1.578s]         See https://setuptools.pypa.io/en/latest/userguide/declarative_config.html for details.
[1.578s]         ********************************************************************************
[1.578s] 
[1.578s] !!
[1.578s]   opt = self.warn_dash_deprecation(opt, section)
[1.578s] --- Logging error ---
[1.578s] Traceback (most recent call last):
[1.578s]   File "c:\python37\lib\logging\__init__.py", line 1028, in emit
[1.578s]     stream.write(msg + self.terminator)
[1.578s] UnicodeEncodeError: 'cp949' codec can't encode character '\u01af' in position 39: illegal multibyte sequence
[1.578s] Call stack:
[1.578s]   File "setup.py", line 23, in <module>
[1.578s]     'my_node = my_package.my_node:main'
[1.578s]   File "c:\python37\lib\site-packages\setuptools\__init__.py", line 107, in setup
[1.578s]     return distutils.core.setup(**attrs)
[1.578s]   File "c:\python37\lib\site-packages\setuptools\_distutils\core.py", line 185, in setup
[1.578s]     return run_commands(dist)
[1.578s]   File "c:\python37\lib\site-packages\setuptools\_distutils\core.py", line 201, in run_commands
[1.578s]     dist.run_commands()
[1.578s]   File "c:\python37\lib\site-packages\setuptools\_distutils\dist.py", line 969, in run_commands
[1.578s]     self.run_command(cmd)
[1.578s]   File "c:\python37\lib\site-packages\setuptools\dist.py", line 1234, in run_command
[1.578s]     super().run_command(command)
[1.578s]   File "c:\python37\lib\site-packages\setuptools\_distutils\dist.py", line 988, in run_command
[1.578s]     cmd_obj.run()
[1.578s]   File "c:\python37\lib\site-packages\setuptools\command\install.py", line 74, in run
[1.578s]     return orig.install.run(self)
[1.578s]   File "c:\python37\lib\site-packages\setuptools\_distutils\command\install.py", line 708, in run
[1.578s]     self.run_command(cmd_name)
[1.578s]   File "c:\python37\lib\site-packages\setuptools\_distutils\cmd.py", line 318, in run_command
[1.578s]     self.distribution.run_command(command)
[1.578s]   File "c:\python37\lib\site-packages\setuptools\dist.py", line 1234, in run_command
[1.594s]     super().run_command(command)
[1.594s]   File "c:\python37\lib\site-packages\setuptools\_distutils\dist.py", line 988, in run_command
[1.594s]     cmd_obj.run()
[1.594s]   File "c:\python37\lib\site-packages\setuptools\command\install_egg_info.py", line 34, in run
[1.594s]     dir_util.remove_tree(self.target, dry_run=self.dry_run)
[1.594s]   File "c:\python37\lib\site-packages\setuptools\_distutils\dir_util.py", line 219, in remove_tree
[1.594s]     log.info("removing '%s' (and everything under it)", directory)
[1.594s] Message: "removing '%s' (and everything under it)"
[1.594s] Arguments: ('C:\\Users\\SSAFY\\Desktop\\doyun\\\u01af\u022d\\S12P21A703\\sub1\\doyun\\catkin_ws\\install\\my_package\\Lib\\site-packages\\my_package-0.0.0-py3.7.egg-info',)
[1.594s] --- Logging error ---
[1.594s] Traceback (most recent call last):
[1.594s]   File "c:\python37\lib\logging\__init__.py", line 1028, in emit
[1.594s]     stream.write(msg + self.terminator)
[1.594s] UnicodeEncodeError: 'cp949' codec can't encode character '\u01af' in position 83: illegal multibyte sequence
[1.594s] Call stack:
[1.594s]   File "setup.py", line 23, in <module>
[1.594s]     'my_node = my_package.my_node:main'
[1.594s]   File "c:\python37\lib\site-packages\setuptools\__init__.py", line 107, in setup
[1.594s]     return distutils.core.setup(**attrs)
[1.594s]   File "c:\python37\lib\site-packages\setuptools\_distutils\core.py", line 185, in setup
[1.594s]     return run_commands(dist)
[1.594s]   File "c:\python37\lib\site-packages\setuptools\_distutils\core.py", line 201, in run_commands
[1.594s]     dist.run_commands()
[1.594s]   File "c:\python37\lib\site-packages\setuptools\_distutils\dist.py", line 969, in run_commands
[1.594s]     self.run_command(cmd)
[1.594s]   File "c:\python37\lib\site-packages\setuptools\dist.py", line 1234, in run_command
[1.594s]     super().run_command(command)
[1.594s]   File "c:\python37\lib\site-packages\setuptools\_distutils\dist.py", line 988, in run_command
[1.594s]     cmd_obj.run()
[1.594s]   File "c:\python37\lib\site-packages\setuptools\command\install.py", line 74, in run
[1.594s]     return orig.install.run(self)
[1.594s]   File "c:\python37\lib\site-packages\setuptools\_distutils\command\install.py", line 708, in run
[1.594s]     self.run_command(cmd_name)
[1.594s]   File "c:\python37\lib\site-packages\setuptools\_distutils\cmd.py", line 318, in run_command
[1.594s]     self.distribution.run_command(command)
[1.594s]   File "c:\python37\lib\site-packages\setuptools\dist.py", line 1234, in run_command
[1.594s]     super().run_command(command)
[1.594s]   File "c:\python37\lib\site-packages\setuptools\_distutils\dist.py", line 988, in run_command
[1.594s]     cmd_obj.run()
[1.594s]   File "c:\python37\lib\site-packages\setuptools\command\install_egg_info.py", line 40, in run
[1.594s]     self.copytree, (), "Copying %s to %s" % (self.source, self.target)
[1.594s]   File "c:\python37\lib\site-packages\setuptools\_distutils\cmd.py", line 339, in execute
[1.594s]     util.execute(func, args, msg, dry_run=self.dry_run)
[1.594s]   File "c:\python37\lib\site-packages\setuptools\_distutils\util.py", line 335, in execute
[1.594s]     log.info(msg)
[1.594s] Message: 'Copying ..\\..\\build\\my_package\\my_package.egg-info to C:\\Users\\SSAFY\\Desktop\\doyun\\\u01af\u022d\\S12P21A703\\sub1\\doyun\\catkin_ws\\install\\my_package\\Lib\\site-packages\\my_package-0.0.0-py3.7.egg-info'
[1.594s] Arguments: ()
[1.594s] --- Logging error ---
[1.594s] Traceback (most recent call last):
[1.594s]   File "c:\python37\lib\logging\__init__.py", line 1028, in emit
[1.594s]     stream.write(msg + self.terminator)
[1.594s] UnicodeEncodeError: 'cp949' codec can't encode character '\u01af' in position 68: illegal multibyte sequence
[1.594s] Call stack:
[1.594s]   File "setup.py", line 23, in <module>
[1.594s]     'my_node = my_package.my_node:main'
[1.594s]   File "c:\python37\lib\site-packages\setuptools\__init__.py", line 107, in setup
[1.594s]     return distutils.core.setup(**attrs)
[1.594s]   File "c:\python37\lib\site-packages\setuptools\_distutils\core.py", line 185, in setup
[1.594s]     return run_commands(dist)
[1.594s]   File "c:\python37\lib\site-packages\setuptools\_distutils\core.py", line 201, in run_commands
[1.594s]     dist.run_commands()
[1.594s]   File "c:\python37\lib\site-packages\setuptools\_distutils\dist.py", line 969, in run_commands
[1.594s]     self.run_command(cmd)
[1.594s]   File "c:\python37\lib\site-packages\setuptools\dist.py", line 1234, in run_command
[1.594s]     super().run_command(command)
[1.594s]   File "c:\python37\lib\site-packages\setuptools\_distutils\dist.py", line 988, in run_command
[1.594s]     cmd_obj.run()
[1.594s]   File "c:\python37\lib\site-packages\setuptools\command\install.py", line 74, in run
[1.594s]     return orig.install.run(self)
[1.594s]   File "c:\python37\lib\site-packages\setuptools\_distutils\command\install.py", line 708, in run
[1.594s]     self.run_command(cmd_name)
[1.594s]   File "c:\python37\lib\site-packages\setuptools\_distutils\cmd.py", line 318, in run_command
[1.594s]     self.distribution.run_command(command)
[1.594s]   File "c:\python37\lib\site-packages\setuptools\dist.py", line 1234, in run_command
[1.594s]     super().run_command(command)
[1.594s]   File "c:\python37\lib\site-packages\setuptools\_distutils\dist.py", line 988, in run_command
[1.594s]     cmd_obj.run()
[1.594s]   File "c:\python37\lib\site-packages\setuptools\command\install_scripts.py", line 26, in run
[1.594s]     self._install_ep_scripts()
[1.594s]   File "c:\python37\lib\site-packages\setuptools\command\install_scripts.py", line 57, in _install_ep_scripts
[1.594s]     self.write_script(*args)
[1.594s]   File "c:\python37\lib\site-packages\setuptools\command\install_scripts.py", line 63, in write_script
[1.594s]     log.info("Installing %s script to %s", script_name, self.install_dir)
[1.594s] Message: 'Installing %s script to %s'
[1.594s] Arguments: ('my_node-script.py', 'C:\\Users\\SSAFY\\Desktop\\doyun\\\u01af\u022d\\S12P21A703\\sub1\\doyun\\catkin_ws\\install\\my_package\\lib\\my_package')
[1.594s] --- Logging error ---
[1.594s] Traceback (most recent call last):
[1.594s]   File "c:\python37\lib\logging\__init__.py", line 1028, in emit
[1.594s]     stream.write(msg + self.terminator)
[1.594s] UnicodeEncodeError: 'cp949' codec can't encode character '\u01af' in position 62: illegal multibyte sequence
[1.594s] Call stack:
[1.594s]   File "setup.py", line 23, in <module>
[1.594s]     'my_node = my_package.my_node:main'
[1.594s]   File "c:\python37\lib\site-packages\setuptools\__init__.py", line 107, in setup
[1.594s]     return distutils.core.setup(**attrs)
[1.610s] writing list of installed files to 'C:\Users\SSAFY\Desktop\doyun\Ưȭ\S12P21A703\sub1\doyun\catkin_ws\build\my_package\install.log'
[1.610s]   File "c:\python37\lib\site-packages\setuptools\_distutils\core.py", line 185, in setup
[1.610s]     return run_commands(dist)
[1.610s]   File "c:\python37\lib\site-packages\setuptools\_distutils\core.py", line 201, in run_commands
[1.610s]     dist.run_commands()
[1.610s]   File "c:\python37\lib\site-packages\setuptools\_distutils\dist.py", line 969, in run_commands
[1.610s]     self.run_command(cmd)
[1.610s]   File "c:\python37\lib\site-packages\setuptools\dist.py", line 1234, in run_command
[1.610s]     super().run_command(command)
[1.610s]   File "c:\python37\lib\site-packages\setuptools\_distutils\dist.py", line 988, in run_command
[1.610s]     cmd_obj.run()
[1.610s]   File "c:\python37\lib\site-packages\setuptools\command\install.py", line 74, in run
[1.610s]     return orig.install.run(self)
[1.610s]   File "c:\python37\lib\site-packages\setuptools\_distutils\command\install.py", line 708, in run
[1.610s]     self.run_command(cmd_name)
[1.610s]   File "c:\python37\lib\site-packages\setuptools\_distutils\cmd.py", line 318, in run_command
[1.610s]     self.distribution.run_command(command)
[1.610s]   File "c:\python37\lib\site-packages\setuptools\dist.py", line 1234, in run_command
[1.610s]     super().run_command(command)
[1.610s]   File "c:\python37\lib\site-packages\setuptools\_distutils\dist.py", line 988, in run_command
[1.610s]     cmd_obj.run()
[1.610s]   File "c:\python37\lib\site-packages\setuptools\command\install_scripts.py", line 26, in run
[1.610s]     self._install_ep_scripts()
[1.610s]   File "c:\python37\lib\site-packages\setuptools\command\install_scripts.py", line 57, in _install_ep_scripts
[1.610s]     self.write_script(*args)
[1.610s]   File "c:\python37\lib\site-packages\setuptools\command\install_scripts.py", line 63, in write_script
[1.610s]     log.info("Installing %s script to %s", script_name, self.install_dir)
[1.610s] Message: 'Installing %s script to %s'
[1.610s] Arguments: ('my_node.exe', 'C:\\Users\\SSAFY\\Desktop\\doyun\\\u01af\u022d\\S12P21A703\\sub1\\doyun\\catkin_ws\\install\\my_package\\lib\\my_package')
[1.610s] Traceback (most recent call last):
[1.610s]   File "setup.py", line 23, in <module>
[1.610s]     'my_node = my_package.my_node:main'
[1.610s]   File "c:\python37\lib\site-packages\setuptools\__init__.py", line 107, in setup
[1.610s]     return distutils.core.setup(**attrs)
[1.610s]   File "c:\python37\lib\site-packages\setuptools\_distutils\core.py", line 185, in setup
[1.610s]     return run_commands(dist)
[1.610s]   File "c:\python37\lib\site-packages\setuptools\_distutils\core.py", line 201, in run_commands
[1.610s]     dist.run_commands()
[1.610s]   File "c:\python37\lib\site-packages\setuptools\_distutils\dist.py", line 969, in run_commands
[1.610s]     self.run_command(cmd)
[1.610s]   File "c:\python37\lib\site-packages\setuptools\dist.py", line 1234, in run_command
[1.610s]     super().run_command(command)
[1.610s]   File "c:\python37\lib\site-packages\setuptools\_distutils\dist.py", line 988, in run_command
[1.610s]     cmd_obj.run()
[1.610s]   File "c:\python37\lib\site-packages\setuptools\command\install.py", line 74, in run
[1.610s]     return orig.install.run(self)
[1.610s]   File "c:\python37\lib\site-packages\setuptools\_distutils\command\install.py", line 723, in run
[1.610s]     "writing list of installed files to '%s'" % self.record,
[1.610s]   File "c:\python37\lib\site-packages\setuptools\_distutils\cmd.py", line 339, in execute
[1.610s]     util.execute(func, args, msg, dry_run=self.dry_run)
[1.610s]   File "c:\python37\lib\site-packages\setuptools\_distutils\util.py", line 337, in execute
[1.610s]     func(*args)
[1.610s]   File "c:\python37\lib\site-packages\setuptools\_distutils\file_util.py", line 246, in write_file
[1.610s]     f.write(line + "\n")
[1.610s] UnicodeEncodeError: 'cp949' codec can't encode character '\u01af' in position 29: illegal multibyte sequence
[1.610s] Invoked command in 'C:\Users\SSAFY\Desktop\doyun\Ưȭ\S12P21A703\sub1\doyun\catkin_ws\src\my_package' returned '1': PYTHONPATH=C:\Users\SSAFY\Desktop\doyun\Ưȭ\S12P21A703\sub1\doyun\catkin_ws\build\my_package\prefix_override;c:\python37\lib\site-packages\colcon_core\task\python\colcon_distutils_commands;C:\Users\SSAFY\Desktop\doyun\Ưȭ\S12P21A703\sub1\doyun\catkin_ws\install\my_package\Lib\site-packages;%PYTHONPATH% c:\python37\python.exe -W ignore:setup.py install is deprecated -W ignore:easy_install command is deprecated setup.py egg_info --egg-base ..\..\build\my_package build --build-base C:\Users\SSAFY\Desktop\doyun\Ưȭ\S12P21A703\sub1\doyun\catkin_ws\build\my_package\build install --record C:\Users\SSAFY\Desktop\doyun\Ưȭ\S12P21A703\sub1\doyun\catkin_ws\build\my_package\install.log --install-scripts $base/lib/my_package --single-version-externally-managed install_data
